# JRE version: Java(TM) SE Runtime Environment (9.0+11) (build 9.0.4+11)
# Java VM: Java HotSpot(TM) 64-Bit Server VM (9.0.4+11, mixed mode, tiered, compressed oops, g1 gc, windows-amd64)
Heap:
 garbage-first heap   total 157696K, used 127222K [0x0000000700000000, 0x00000007001004d0, 0x00000007c0000000)
  region size 1024K, 57 young (58368K), 0 survivors (0K)
 Metaspace       used 80729K, capacity 86239K, committed 86524K, reserved 1124352K
  class space    used 10999K, capacity 11970K, committed 12028K, reserved 1048576K
GC Heap History (10 events):
Event: 1170.869 GC heap before
{Heap before GC invocations=114 (full 3):
 garbage-first heap   total 157696K, used 129241K [0x0000000700000000, 0x00000007001004d0, 0x00000007c0000000)
  region size 1024K, 60 young (61440K), 5 survivors (5120K)
 Metaspace       used 80424K, capacity 85815K, committed 86012K, reserved 1124352K
  class space    used 10963K, capacity 11902K, committed 12028K, reserved 1048576K
}
Event: 1170.874 GC heap after
{Heap after GC invocations=115 (full 3):
 garbage-first heap   total 157696K, used 74351K [0x0000000700000000, 0x00000007001004d0, 0x00000007c0000000)
  region size 1024K, 4 young (4096K), 4 survivors (4096K)
 Metaspace       used 80424K, capacity 85815K, committed 86012K, reserved 1124352K
  class space    used 10963K, capacity 11902K, committed 12028K, reserved 1048576K
}
Event: 1170.991 GC heap before
{Heap before GC invocations=115 (full 3):
 garbage-first heap   total 157696K, used 131695K [0x0000000700000000, 0x00000007001004d0, 0x00000007c0000000)
  region size 1024K, 60 young (61440K), 4 survivors (4096K)
 Metaspace       used 80438K, capacity 85815K, committed 86012K, reserved 1124352K
  class space    used 10963K, capacity 11902K, committed 12028K, reserved 1048576K
}
Event: 1170.996 GC heap after
{Heap after GC invocations=116 (full 3):
 garbage-first heap   total 157696K, used 74328K [0x0000000700000000, 0x00000007001004d0, 0x00000007c0000000)
  region size 1024K, 4 young (4096K), 4 survivors (4096K)
 Metaspace       used 80438K, capacity 85815K, committed 86012K, reserved 1124352K
  class space    used 10963K, capacity 11902K, committed 12028K, reserved 1048576K
}
Event: 1171.313 GC heap before
{Heap before GC invocations=117 (full 3):
 garbage-first heap   total 157696K, used 131672K [0x0000000700000000, 0x00000007001004d0, 0x00000007c0000000)
  region size 1024K, 60 young (61440K), 4 survivors (4096K)
 Metaspace       used 80561K, capacity 85967K, committed 86268K, reserved 1124352K
  class space    used 10965K, capacity 11906K, committed 12028K, reserved 1048576K
}
Event: 1171.317 GC heap after
{Heap after GC invocations=118 (full 3):
 garbage-first heap   total 157696K, used 73785K [0x0000000700000000, 0x00000007001004d0, 0x00000007c0000000)
  region size 1024K, 5 young (5120K), 5 survivors (5120K)
 Metaspace       used 80561K, capacity 85967K, committed 86268K, reserved 1124352K
  class space    used 10965K, capacity 11906K, committed 12028K, reserved 1048576K
}
Event: 1171.370 GC heap before
{Heap before GC invocations=118 (full 3):
 garbage-first heap   total 157696K, used 88121K [0x0000000700000000, 0x00000007001004d0, 0x00000007c0000000)
  region size 1024K, 20 young (20480K), 5 survivors (5120K)
 Metaspace       used 80561K, capacity 85967K, committed 86268K, reserved 1124352K
  class space    used 10965K, capacity 11906K, committed 12028K, reserved 1048576K
}
Event: 1171.374 GC heap after
{Heap after GC invocations=119 (full 3):
 garbage-first heap   total 157696K, used 73989K [0x0000000700000000, 0x00000007001004d0, 0x00000007c0000000)
  region size 1024K, 5 young (5120K), 5 survivors (5120K)
 Metaspace       used 80561K, capacity 85967K, committed 86268K, reserved 1124352K
  class space    used 10965K, capacity 11906K, committed 12028K, reserved 1048576K
}
Event: 1171.436 GC heap before
{Heap before GC invocations=120 (full 3):
 garbage-first heap   total 157696K, used 78085K [0x0000000700000000, 0x00000007001004d0, 0x00000007c0000000)
  region size 1024K, 8 young (8192K), 5 survivors (5120K)
 Metaspace       used 80572K, capacity 85967K, committed 86268K, reserved 1124352K
  class space    used 10965K, capacity 11906K, committed 12028K, reserved 1048576K
}
Event: 1171.589 GC heap after
{Heap after GC invocations=121 (full 4):
 garbage-first heap   total 157696K, used 69878K [0x0000000700000000, 0x00000007001004d0, 0x00000007c0000000)
  region size 1024K, 0 young (0K), 0 survivors (0K)
 Metaspace       used 80572K, capacity 85967K, committed 86268K, reserved 1124352K
  class space    used 10965K, capacity 11906K, committed 12028K, reserved 1048576K
}

